build/app/intermediates/manifest_merge_blame_file/debug/manifest-merger-blame-debug-report.txt
1<?xml version="1.0" encoding="utf-8"?>
2<manifest xmlns:android="http://schemas.android.com/apk/res/android"
3    package="com.freudAI.mobile.app"
4    android:versionCode="1"
5    android:versionName="1.0.0" >
6
7    <uses-sdk
8        android:minSdkVersion="21"
9        android:targetSdkVersion="33" />
10    <!--
11         The INTERNET permission is required for development. Specifically,
12         the Flutter tool needs it to communicate with the running application
13         to allow setting breakpoints, to provide hot reload, etc.
14    -->
15    <uses-permission android:name="android.permission.INTERNET" />
15-->src/debug/AndroidManifest.xml:7:5-66
15-->src/debug/AndroidManifest.xml:7:22-64
16    <uses-permission android:name="android.permission.WAKE_LOCK" />
16-->[:firebase_messaging] AndroidManifest.xml:10:5-68
16-->[:firebase_messaging] AndroidManifest.xml:10:22-65
17    <uses-permission android:name="android.permission.ACCESS_NETWORK_STATE" /> <!-- Permissions options for the `notification` group -->
17-->[:firebase_messaging] AndroidManifest.xml:11:5-79
17-->[:firebase_messaging] AndroidManifest.xml:11:22-76
18    <uses-permission android:name="android.permission.POST_NOTIFICATIONS" />
18-->[:firebase_messaging] AndroidManifest.xml:13:5-77
18-->[:firebase_messaging] AndroidManifest.xml:13:22-74
19    <uses-permission android:name="android.permission.RECEIVE_BOOT_COMPLETED" />
19-->[:flutter_local_notifications] AndroidManifest.xml:9:5-81
19-->[:flutter_local_notifications] AndroidManifest.xml:9:22-78
20    <uses-permission android:name="android.permission.VIBRATE" />
20-->[:flutter_local_notifications] AndroidManifest.xml:10:5-66
20-->[:flutter_local_notifications] AndroidManifest.xml:10:22-63
21    <uses-permission android:name="android.permission.USE_FULL_SCREEN_INTENT" />
21-->[:flutter_local_notifications] AndroidManifest.xml:11:5-81
21-->[:flutter_local_notifications] AndroidManifest.xml:11:22-78
22    <uses-permission android:name="android.permission.SCHEDULE_EXACT_ALARM" />
22-->[:flutter_local_notifications] AndroidManifest.xml:12:5-79
22-->[:flutter_local_notifications] AndroidManifest.xml:12:22-76
23
24    <queries>
24-->[com.facebook.android:facebook-common:15.0.2] AndroidManifest.xml:29:5-31:15
25        <package android:name="com.facebook.katana" />
25-->[com.facebook.android:facebook-common:15.0.2] AndroidManifest.xml:30:9-55
25-->[com.facebook.android:facebook-common:15.0.2] AndroidManifest.xml:30:18-52
26
27        <intent>
27-->[com.android.billingclient:billing:5.1.0] AndroidManifest.xml:17:9-19:18
28            <action android:name="com.android.vending.billing.InAppBillingService.BIND" />
28-->[com.android.billingclient:billing:5.1.0] AndroidManifest.xml:18:13-91
28-->[com.android.billingclient:billing:5.1.0] AndroidManifest.xml:18:21-88
29        </intent>
30    </queries> <!-- Required by older versions of Google Play services to create IID tokens -->
31    <uses-permission android:name="com.google.android.c2dm.permission.RECEIVE" />
31-->[com.google.firebase:firebase-messaging:23.0.8] AndroidManifest.xml:29:5-82
31-->[com.google.firebase:firebase-messaging:23.0.8] AndroidManifest.xml:29:22-79
32    <uses-permission android:name="com.google.android.gms.permission.AD_ID" />
32-->[com.facebook.android:facebook-core:15.0.2] AndroidManifest.xml:28:5-79
32-->[com.facebook.android:facebook-core:15.0.2] AndroidManifest.xml:28:22-76
33
34    <permission
34-->[androidx.core:core:1.9.0] AndroidManifest.xml:22:5-24:47
35        android:name="com.freudAI.mobile.app.DYNAMIC_RECEIVER_NOT_EXPORTED_PERMISSION"
35-->[androidx.core:core:1.9.0] AndroidManifest.xml:23:9-81
36        android:protectionLevel="signature" />
36-->[androidx.core:core:1.9.0] AndroidManifest.xml:24:9-44
37
38    <uses-permission android:name="com.freudAI.mobile.app.DYNAMIC_RECEIVER_NOT_EXPORTED_PERMISSION" />
38-->[androidx.core:core:1.9.0] AndroidManifest.xml:26:5-97
38-->[androidx.core:core:1.9.0] AndroidManifest.xml:26:22-94
39    <uses-permission android:name="com.android.vending.BILLING" />
39-->[com.android.billingclient:billing:5.1.0] AndroidManifest.xml:10:5-67
39-->[com.android.billingclient:billing:5.1.0] AndroidManifest.xml:10:22-64
40    <uses-permission android:name="com.google.android.finsky.permission.BIND_GET_INSTALL_REFERRER_SERVICE" />
40-->[com.android.installreferrer:installreferrer:1.0] AndroidManifest.xml:9:5-110
40-->[com.android.installreferrer:installreferrer:1.0] AndroidManifest.xml:9:22-107
41
42    <application
43        android:name="android.app.Application"
44        android:appComponentFactory="androidx.core.app.CoreComponentFactory"
44-->[androidx.core:core:1.9.0] AndroidManifest.xml:28:18-86
45        android:debuggable="true"
46        android:icon="@mipmap/ic_launcher"
47        android:label="Freud_AI_app"
48        android:supportsRtl="true" >
48-->[com.facebook.android:facebook-login:15.0.2] AndroidManifest.xml:28:18-44
49        <activity
50            android:name="com.freudAI.mobile.app.MainActivity"
51            android:configChanges="orientation|keyboardHidden|keyboard|screenSize|smallestScreenSize|locale|layoutDirection|fontScale|screenLayout|density|uiMode"
52            android:exported="true"
53            android:hardwareAccelerated="true"
54            android:launchMode="singleTop"
55            android:theme="@style/LaunchTheme"
56            android:windowSoftInputMode="adjustResize" >
57
58            <!--
59                 Specifies an Android theme to apply to this Activity as soon as
60                 the Android process has started. This theme is visible to the user
61                 while the Flutter UI initializes. After that, this theme continues
62                 to determine the Window background behind the Flutter UI.
63            -->
64            <meta-data
65                android:name="io.flutter.embedding.android.NormalTheme"
66                android:resource="@style/NormalTheme" />
67
68            <intent-filter>
69                <action android:name="android.intent.action.MAIN" />
70
71                <category android:name="android.intent.category.LAUNCHER" />
72            </intent-filter>
73        </activity>
74        <!--
75             Don't delete the meta-data below.
76             This is used by the Flutter tool to generate GeneratedPluginRegistrant.java
77        -->
78        <meta-data
79            android:name="flutterEmbedding"
80            android:value="2" />
81
82        <service
82-->[:firebase_auth] AndroidManifest.xml:10:9-14:19
83            android:name="com.google.firebase.components.ComponentDiscoveryService"
83-->[:firebase_auth] AndroidManifest.xml:10:18-89
84            android:directBootAware="true"
84-->[com.google.firebase:firebase-common:20.1.2] AndroidManifest.xml:35:13-43
85            android:exported="false" >
85-->[com.google.firebase:firebase-auth:21.0.8] AndroidManifest.xml:66:13-37
86            <meta-data
86-->[:firebase_auth] AndroidManifest.xml:11:13-13:85
87                android:name="com.google.firebase.components:io.flutter.plugins.firebase.auth.FlutterFirebaseAuthRegistrar"
87-->[:firebase_auth] AndroidManifest.xml:12:17-124
88                android:value="com.google.firebase.components.ComponentRegistrar" />
88-->[:firebase_auth] AndroidManifest.xml:13:17-82
89            <meta-data
89-->[:firebase_messaging] AndroidManifest.xml:38:13-40:85
90                android:name="com.google.firebase.components:io.flutter.plugins.firebase.messaging.FlutterFirebaseAppRegistrar"
90-->[:firebase_messaging] AndroidManifest.xml:39:17-128
91                android:value="com.google.firebase.components.ComponentRegistrar" />
91-->[:firebase_messaging] AndroidManifest.xml:40:17-82
92            <meta-data
92-->[:firebase_core] AndroidManifest.xml:11:13-13:85
93                android:name="com.google.firebase.components:io.flutter.plugins.firebase.core.FlutterFirebaseCoreRegistrar"
93-->[:firebase_core] AndroidManifest.xml:12:17-124
94                android:value="com.google.firebase.components.ComponentRegistrar" />
94-->[:firebase_core] AndroidManifest.xml:13:17-82
95            <meta-data
95-->[com.google.firebase:firebase-auth:21.0.8] AndroidManifest.xml:67:13-69:85
96                android:name="com.google.firebase.components:com.google.firebase.auth.FirebaseAuthRegistrar"
96-->[com.google.firebase:firebase-auth:21.0.8] AndroidManifest.xml:68:17-109
97                android:value="com.google.firebase.components.ComponentRegistrar" />
97-->[com.google.firebase:firebase-auth:21.0.8] AndroidManifest.xml:69:17-82
98            <meta-data
98-->[com.google.firebase:firebase-messaging:23.0.8] AndroidManifest.xml:56:13-58:85
99                android:name="com.google.firebase.components:com.google.firebase.messaging.FirebaseMessagingRegistrar"
99-->[com.google.firebase:firebase-messaging:23.0.8] AndroidManifest.xml:57:17-119
100                android:value="com.google.firebase.components.ComponentRegistrar" />
100-->[com.google.firebase:firebase-messaging:23.0.8] AndroidManifest.xml:58:17-82
101            <meta-data
101-->[com.google.firebase:firebase-datatransport:18.1.6] AndroidManifest.xml:28:13-30:85
102                android:name="com.google.firebase.components:com.google.firebase.datatransport.TransportRegistrar"
102-->[com.google.firebase:firebase-datatransport:18.1.6] AndroidManifest.xml:29:17-115
103                android:value="com.google.firebase.components.ComponentRegistrar" />
103-->[com.google.firebase:firebase-datatransport:18.1.6] AndroidManifest.xml:30:17-82
104            <meta-data
104-->[com.google.firebase:firebase-installations:17.0.3] AndroidManifest.xml:18:13-20:85
105                android:name="com.google.firebase.components:com.google.firebase.installations.FirebaseInstallationsRegistrar"
105-->[com.google.firebase:firebase-installations:17.0.3] AndroidManifest.xml:19:17-127
106                android:value="com.google.firebase.components.ComponentRegistrar" />
106-->[com.google.firebase:firebase-installations:17.0.3] AndroidManifest.xml:20:17-82
107        </service>
108        <service
108-->[:firebase_messaging] AndroidManifest.xml:16:9-19:72
109            android:name="io.flutter.plugins.firebase.messaging.FlutterFirebaseMessagingBackgroundService"
109-->[:firebase_messaging] AndroidManifest.xml:17:13-107
110            android:exported="false"
110-->[:firebase_messaging] AndroidManifest.xml:18:13-37
111            android:permission="android.permission.BIND_JOB_SERVICE" />
111-->[:firebase_messaging] AndroidManifest.xml:19:13-69
112        <service
112-->[:firebase_messaging] AndroidManifest.xml:20:9-26:19
113            android:name="io.flutter.plugins.firebase.messaging.FlutterFirebaseMessagingService"
113-->[:firebase_messaging] AndroidManifest.xml:21:13-97
114            android:exported="false" >
114-->[:firebase_messaging] AndroidManifest.xml:22:13-37
115            <intent-filter>
115-->[:firebase_messaging] AndroidManifest.xml:23:13-25:29
116                <action android:name="com.google.firebase.MESSAGING_EVENT" />
116-->[:firebase_messaging] AndroidManifest.xml:24:17-78
116-->[:firebase_messaging] AndroidManifest.xml:24:25-75
117            </intent-filter>
118        </service>
119
120        <receiver
120-->[:firebase_messaging] AndroidManifest.xml:28:9-35:20
121            android:name="io.flutter.plugins.firebase.messaging.FlutterFirebaseMessagingReceiver"
121-->[:firebase_messaging] AndroidManifest.xml:29:13-98
122            android:exported="true"
122-->[:firebase_messaging] AndroidManifest.xml:30:13-36
123            android:permission="com.google.android.c2dm.permission.SEND" >
123-->[:firebase_messaging] AndroidManifest.xml:31:13-73
124            <intent-filter>
124-->[:firebase_messaging] AndroidManifest.xml:32:13-34:29
125                <action android:name="com.google.android.c2dm.intent.RECEIVE" />
125-->[:firebase_messaging] AndroidManifest.xml:33:17-81
125-->[:firebase_messaging] AndroidManifest.xml:33:25-78
126            </intent-filter>
127        </receiver>
128
129        <provider
129-->[:firebase_messaging] AndroidManifest.xml:43:9-47:38
130            android:name="io.flutter.plugins.firebase.messaging.FlutterFirebaseMessagingInitProvider"
130-->[:firebase_messaging] AndroidManifest.xml:44:13-102
131            android:authorities="com.freudAI.mobile.app.flutterfirebasemessaginginitprovider"
131-->[:firebase_messaging] AndroidManifest.xml:45:13-88
132            android:exported="false"
132-->[:firebase_messaging] AndroidManifest.xml:46:13-37
133            android:initOrder="99" />
133-->[:firebase_messaging] AndroidManifest.xml:47:13-35
134        <provider
134-->[:image_picker_android] AndroidManifest.xml:10:9-18:20
135            android:name="io.flutter.plugins.imagepicker.ImagePickerFileProvider"
135-->[:image_picker_android] AndroidManifest.xml:11:13-82
136            android:authorities="com.freudAI.mobile.app.flutter.image_provider"
136-->[:image_picker_android] AndroidManifest.xml:12:13-74
137            android:exported="false"
137-->[:image_picker_android] AndroidManifest.xml:13:13-37
138            android:grantUriPermissions="true" >
138-->[:image_picker_android] AndroidManifest.xml:14:13-47
139            <meta-data
139-->[:image_picker_android] AndroidManifest.xml:15:13-17:75
140                android:name="android.support.FILE_PROVIDER_PATHS"
140-->[:image_picker_android] AndroidManifest.xml:16:17-67
141                android:resource="@xml/flutter_image_picker_file_paths" />
141-->[:image_picker_android] AndroidManifest.xml:17:17-72
142        </provider>
143
144        <receiver
144-->[:flutter_local_notifications] AndroidManifest.xml:16:9-18:40
145            android:name="com.dexterous.flutterlocalnotifications.ActionBroadcastReceiver"
145-->[:flutter_local_notifications] AndroidManifest.xml:17:13-91
146            android:exported="false" />
146-->[:flutter_local_notifications] AndroidManifest.xml:18:13-37
147        <receiver
147-->[:flutter_local_notifications] AndroidManifest.xml:19:9-21:40
148            android:name="com.dexterous.flutterlocalnotifications.ScheduledNotificationReceiver"
148-->[:flutter_local_notifications] AndroidManifest.xml:20:13-97
149            android:exported="false" />
149-->[:flutter_local_notifications] AndroidManifest.xml:21:13-37
150        <receiver
150-->[:flutter_local_notifications] AndroidManifest.xml:22:9-31:20
151            android:name="com.dexterous.flutterlocalnotifications.ScheduledNotificationBootReceiver"
151-->[:flutter_local_notifications] AndroidManifest.xml:23:13-101
152            android:exported="false" >
152-->[:flutter_local_notifications] AndroidManifest.xml:24:13-37
153            <intent-filter>
153-->[:flutter_local_notifications] AndroidManifest.xml:25:13-30:29
154                <action android:name="android.intent.action.BOOT_COMPLETED" />
154-->[:flutter_local_notifications] AndroidManifest.xml:26:17-79
154-->[:flutter_local_notifications] AndroidManifest.xml:26:25-76
155                <action android:name="android.intent.action.MY_PACKAGE_REPLACED" />
155-->[:flutter_local_notifications] AndroidManifest.xml:27:17-84
155-->[:flutter_local_notifications] AndroidManifest.xml:27:25-81
156                <action android:name="android.intent.action.QUICKBOOT_POWERON" />
156-->[:flutter_local_notifications] AndroidManifest.xml:28:17-82
156-->[:flutter_local_notifications] AndroidManifest.xml:28:25-79
157                <action android:name="com.htc.intent.action.QUICKBOOT_POWERON" />
157-->[:flutter_local_notifications] AndroidManifest.xml:29:17-82
157-->[:flutter_local_notifications] AndroidManifest.xml:29:25-79
158            </intent-filter>
159        </receiver>
160
161        <activity
161-->[com.facebook.android:facebook-common:15.0.2] AndroidManifest.xml:34:9-37:66
162            android:name="com.facebook.FacebookActivity"
162-->[com.facebook.android:facebook-common:15.0.2] AndroidManifest.xml:35:13-57
163            android:configChanges="keyboard|keyboardHidden|screenLayout|screenSize|orientation"
163-->[com.facebook.android:facebook-common:15.0.2] AndroidManifest.xml:36:13-96
164            android:theme="@style/com_facebook_activity_theme" />
164-->[com.facebook.android:facebook-common:15.0.2] AndroidManifest.xml:37:13-63
165        <activity android:name="com.facebook.CustomTabMainActivity" />
165-->[com.facebook.android:facebook-common:15.0.2] AndroidManifest.xml:38:9-71
165-->[com.facebook.android:facebook-common:15.0.2] AndroidManifest.xml:38:19-68
166        <activity
166-->[com.facebook.android:facebook-common:15.0.2] AndroidManifest.xml:39:9-53:20
167            android:name="com.facebook.CustomTabActivity"
167-->[com.facebook.android:facebook-common:15.0.2] AndroidManifest.xml:40:13-58
168            android:exported="true" >
168-->[com.facebook.android:facebook-common:15.0.2] AndroidManifest.xml:41:13-36
169            <intent-filter>
169-->[com.facebook.android:facebook-common:15.0.2] AndroidManifest.xml:43:13-52:29
170                <action android:name="android.intent.action.VIEW" />
170-->[com.facebook.android:facebook-common:15.0.2] AndroidManifest.xml:44:17-69
170-->[com.facebook.android:facebook-common:15.0.2] AndroidManifest.xml:44:25-66
171
172                <category android:name="android.intent.category.DEFAULT" />
172-->[com.facebook.android:facebook-common:15.0.2] AndroidManifest.xml:46:17-76
172-->[com.facebook.android:facebook-common:15.0.2] AndroidManifest.xml:46:27-73
173                <category android:name="android.intent.category.BROWSABLE" />
173-->[com.facebook.android:facebook-common:15.0.2] AndroidManifest.xml:47:17-78
173-->[com.facebook.android:facebook-common:15.0.2] AndroidManifest.xml:47:27-75
174
175                <data
175-->[com.facebook.android:facebook-common:15.0.2] AndroidManifest.xml:49:17-51:50
176                    android:host="cct.com.freudAI.mobile.app"
176-->[com.facebook.android:facebook-common:15.0.2] AndroidManifest.xml:50:21-56
177                    android:scheme="fbconnect" />
177-->[com.facebook.android:facebook-common:15.0.2] AndroidManifest.xml:51:21-47
178            </intent-filter>
179        </activity>
180        <activity
180-->[com.google.android.gms:play-services-auth:20.5.0] AndroidManifest.xml:23:9-27:75
181            android:name="com.google.android.gms.auth.api.signin.internal.SignInHubActivity"
181-->[com.google.android.gms:play-services-auth:20.5.0] AndroidManifest.xml:24:13-93
182            android:excludeFromRecents="true"
182-->[com.google.android.gms:play-services-auth:20.5.0] AndroidManifest.xml:25:13-46
183            android:exported="false"
183-->[com.google.android.gms:play-services-auth:20.5.0] AndroidManifest.xml:26:13-37
184            android:theme="@android:style/Theme.Translucent.NoTitleBar" />
184-->[com.google.android.gms:play-services-auth:20.5.0] AndroidManifest.xml:27:13-72
185        <!--
186            Service handling Google Sign-In user revocation. For apps that do not integrate with
187            Google Sign-In, this service will never be started.
188        -->
189        <service
189-->[com.google.android.gms:play-services-auth:20.5.0] AndroidManifest.xml:33:9-37:51
190            android:name="com.google.android.gms.auth.api.signin.RevocationBoundService"
190-->[com.google.android.gms:play-services-auth:20.5.0] AndroidManifest.xml:34:13-89
191            android:exported="true"
191-->[com.google.android.gms:play-services-auth:20.5.0] AndroidManifest.xml:35:13-36
192            android:permission="com.google.android.gms.auth.api.signin.permission.REVOCATION_NOTIFICATION"
192-->[com.google.android.gms:play-services-auth:20.5.0] AndroidManifest.xml:36:13-107
193            android:visibleToInstantApps="true" />
193-->[com.google.android.gms:play-services-auth:20.5.0] AndroidManifest.xml:37:13-48
194
195        <activity
195-->[com.google.firebase:firebase-auth:21.0.8] AndroidManifest.xml:27:9-44:20
196            android:name="com.google.firebase.auth.internal.GenericIdpActivity"
196-->[com.google.firebase:firebase-auth:21.0.8] AndroidManifest.xml:28:13-80
197            android:excludeFromRecents="true"
197-->[com.google.firebase:firebase-auth:21.0.8] AndroidManifest.xml:29:13-46
198            android:exported="true"
198-->[com.google.firebase:firebase-auth:21.0.8] AndroidManifest.xml:30:13-36
199            android:launchMode="singleTask"
199-->[com.google.firebase:firebase-auth:21.0.8] AndroidManifest.xml:31:13-44
200            android:theme="@android:style/Theme.Translucent.NoTitleBar" >
200-->[com.google.firebase:firebase-auth:21.0.8] AndroidManifest.xml:32:13-72
201            <intent-filter>
201-->[com.google.firebase:firebase-auth:21.0.8] AndroidManifest.xml:33:13-43:29
202                <action android:name="android.intent.action.VIEW" />
202-->[com.facebook.android:facebook-common:15.0.2] AndroidManifest.xml:44:17-69
202-->[com.facebook.android:facebook-common:15.0.2] AndroidManifest.xml:44:25-66
203
204                <category android:name="android.intent.category.DEFAULT" />
204-->[com.facebook.android:facebook-common:15.0.2] AndroidManifest.xml:46:17-76
204-->[com.facebook.android:facebook-common:15.0.2] AndroidManifest.xml:46:27-73
205                <category android:name="android.intent.category.BROWSABLE" />
205-->[com.facebook.android:facebook-common:15.0.2] AndroidManifest.xml:47:17-78
205-->[com.facebook.android:facebook-common:15.0.2] AndroidManifest.xml:47:27-75
206
207                <data
207-->[com.facebook.android:facebook-common:15.0.2] AndroidManifest.xml:49:17-51:50
208                    android:host="firebase.auth"
208-->[com.facebook.android:facebook-common:15.0.2] AndroidManifest.xml:50:21-56
209                    android:path="/"
210                    android:scheme="genericidp" />
210-->[com.facebook.android:facebook-common:15.0.2] AndroidManifest.xml:51:21-47
211            </intent-filter>
212        </activity>
213        <activity
213-->[com.google.firebase:firebase-auth:21.0.8] AndroidManifest.xml:45:9-62:20
214            android:name="com.google.firebase.auth.internal.RecaptchaActivity"
214-->[com.google.firebase:firebase-auth:21.0.8] AndroidManifest.xml:46:13-79
215            android:excludeFromRecents="true"
215-->[com.google.firebase:firebase-auth:21.0.8] AndroidManifest.xml:47:13-46
216            android:exported="true"
216-->[com.google.firebase:firebase-auth:21.0.8] AndroidManifest.xml:48:13-36
217            android:launchMode="singleTask"
217-->[com.google.firebase:firebase-auth:21.0.8] AndroidManifest.xml:49:13-44
218            android:theme="@android:style/Theme.Translucent.NoTitleBar" >
218-->[com.google.firebase:firebase-auth:21.0.8] AndroidManifest.xml:50:13-72
219            <intent-filter>
219-->[com.google.firebase:firebase-auth:21.0.8] AndroidManifest.xml:51:13-61:29
220                <action android:name="android.intent.action.VIEW" />
220-->[com.facebook.android:facebook-common:15.0.2] AndroidManifest.xml:44:17-69
220-->[com.facebook.android:facebook-common:15.0.2] AndroidManifest.xml:44:25-66
221
222                <category android:name="android.intent.category.DEFAULT" />
222-->[com.facebook.android:facebook-common:15.0.2] AndroidManifest.xml:46:17-76
222-->[com.facebook.android:facebook-common:15.0.2] AndroidManifest.xml:46:27-73
223                <category android:name="android.intent.category.BROWSABLE" />
223-->[com.facebook.android:facebook-common:15.0.2] AndroidManifest.xml:47:17-78
223-->[com.facebook.android:facebook-common:15.0.2] AndroidManifest.xml:47:27-75
224
225                <data
225-->[com.facebook.android:facebook-common:15.0.2] AndroidManifest.xml:49:17-51:50
226                    android:host="firebase.auth"
226-->[com.facebook.android:facebook-common:15.0.2] AndroidManifest.xml:50:21-56
227                    android:path="/"
228                    android:scheme="recaptcha" />
228-->[com.facebook.android:facebook-common:15.0.2] AndroidManifest.xml:51:21-47
229            </intent-filter>
230        </activity>
231
232        <receiver
232-->[com.google.firebase:firebase-messaging:23.0.8] AndroidManifest.xml:32:9-39:20
233            android:name="com.google.firebase.iid.FirebaseInstanceIdReceiver"
233-->[com.google.firebase:firebase-messaging:23.0.8] AndroidManifest.xml:33:13-78
234            android:exported="true"
234-->[com.google.firebase:firebase-messaging:23.0.8] AndroidManifest.xml:34:13-36
235            android:permission="com.google.android.c2dm.permission.SEND" >
235-->[com.google.firebase:firebase-messaging:23.0.8] AndroidManifest.xml:35:13-73
236            <intent-filter>
236-->[:firebase_messaging] AndroidManifest.xml:32:13-34:29
237                <action android:name="com.google.android.c2dm.intent.RECEIVE" />
237-->[:firebase_messaging] AndroidManifest.xml:33:17-81
237-->[:firebase_messaging] AndroidManifest.xml:33:25-78
238            </intent-filter>
239        </receiver>
240        <!--
241             FirebaseMessagingService performs security checks at runtime,
242             but set to not exported to explicitly avoid allowing another app to call it.
243        -->
244        <service
244-->[com.google.firebase:firebase-messaging:23.0.8] AndroidManifest.xml:45:9-52:19
245            android:name="com.google.firebase.messaging.FirebaseMessagingService"
245-->[com.google.firebase:firebase-messaging:23.0.8] AndroidManifest.xml:46:13-82
246            android:directBootAware="true"
246-->[com.google.firebase:firebase-messaging:23.0.8] AndroidManifest.xml:47:13-43
247            android:exported="false" >
247-->[com.google.firebase:firebase-messaging:23.0.8] AndroidManifest.xml:48:13-37
248            <intent-filter android:priority="-500" >
248-->[:firebase_messaging] AndroidManifest.xml:23:13-25:29
249                <action android:name="com.google.firebase.MESSAGING_EVENT" />
249-->[:firebase_messaging] AndroidManifest.xml:24:17-78
249-->[:firebase_messaging] AndroidManifest.xml:24:25-75
250            </intent-filter>
251        </service>
252
253        <activity
253-->[com.google.android.gms:play-services-base:18.0.1] AndroidManifest.xml:20:9-22:45
254            android:name="com.google.android.gms.common.api.GoogleApiActivity"
254-->[com.google.android.gms:play-services-base:18.0.1] AndroidManifest.xml:20:19-85
255            android:exported="false"
255-->[com.google.android.gms:play-services-base:18.0.1] AndroidManifest.xml:22:19-43
256            android:theme="@android:style/Theme.Translucent.NoTitleBar" />
256-->[com.google.android.gms:play-services-base:18.0.1] AndroidManifest.xml:21:19-78
257
258        <provider
258-->[com.google.firebase:firebase-common:20.1.2] AndroidManifest.xml:26:9-31:39
259            android:name="com.google.firebase.provider.FirebaseInitProvider"
259-->[com.google.firebase:firebase-common:20.1.2] AndroidManifest.xml:27:13-77
260            android:authorities="com.freudAI.mobile.app.firebaseinitprovider"
260-->[com.google.firebase:firebase-common:20.1.2] AndroidManifest.xml:28:13-72
261            android:directBootAware="true"
261-->[com.google.firebase:firebase-common:20.1.2] AndroidManifest.xml:29:13-43
262            android:exported="false"
262-->[com.google.firebase:firebase-common:20.1.2] AndroidManifest.xml:30:13-37
263            android:initOrder="100" />
263-->[com.google.firebase:firebase-common:20.1.2] AndroidManifest.xml:31:13-36
264
265        <meta-data
265-->[com.google.android.gms:play-services-basement:18.2.0] AndroidManifest.xml:21:9-23:69
266            android:name="com.google.android.gms.version"
266-->[com.google.android.gms:play-services-basement:18.2.0] AndroidManifest.xml:22:13-58
267            android:value="@integer/google_play_services_version" />
267-->[com.google.android.gms:play-services-basement:18.2.0] AndroidManifest.xml:23:13-66
268        <!--
269         The initialization ContentProvider will call FacebookSdk.sdkInitialize automatically
270         with the application context. This config is merged in with the host app's manifest,
271         but there can only be one provider with the same authority activated at any given
272         point; so if the end user has two or more different apps that use Facebook SDK, only the
273         first one will be able to use the provider. To work around this problem, we use the
274         following placeholder in the authority to identify each host application as if it was
275         a completely different provider.
276        -->
277        <provider
277-->[com.facebook.android:facebook-core:15.0.2] AndroidManifest.xml:41:9-44:40
278            android:name="com.facebook.internal.FacebookInitProvider"
278-->[com.facebook.android:facebook-core:15.0.2] AndroidManifest.xml:42:13-70
279            android:authorities="com.freudAI.mobile.app.FacebookInitProvider"
279-->[com.facebook.android:facebook-core:15.0.2] AndroidManifest.xml:43:13-72
280            android:exported="false" />
280-->[com.facebook.android:facebook-core:15.0.2] AndroidManifest.xml:44:13-37
281
282        <receiver
282-->[com.facebook.android:facebook-core:15.0.2] AndroidManifest.xml:46:9-52:20
283            android:name="com.facebook.CurrentAccessTokenExpirationBroadcastReceiver"
283-->[com.facebook.android:facebook-core:15.0.2] AndroidManifest.xml:47:13-86
284            android:exported="false" >
284-->[com.facebook.android:facebook-core:15.0.2] AndroidManifest.xml:48:13-37
285            <intent-filter>
285-->[com.facebook.android:facebook-core:15.0.2] AndroidManifest.xml:49:13-51:29
286                <action android:name="com.facebook.sdk.ACTION_CURRENT_ACCESS_TOKEN_CHANGED" />
286-->[com.facebook.android:facebook-core:15.0.2] AndroidManifest.xml:50:17-95
286-->[com.facebook.android:facebook-core:15.0.2] AndroidManifest.xml:50:25-92
287            </intent-filter>
288        </receiver>
289        <receiver
289-->[com.facebook.android:facebook-core:15.0.2] AndroidManifest.xml:53:9-59:20